<?xml version="1.0" encoding="UTF-8"?>
<!-- Generated by org.testng.reporters.JUnitReportReporter -->
<testsuite skipped="0" hostname="NOI-43JCHC2" name="TestCase.DriverClass" tests="1" failures="0" timestamp="27 Jan 2019 17:49:31 GMT" time="32.283" errors="0">
  <testcase name="readExcelData" time="32.283" classname="TestCase.DriverClass"/>
</testsuite> <!-- TestCase.DriverClass -->
